<?xml version="1.0" encoding="UTF-8"?>
<testng-results ignored="0" total="2" passed="2" failed="0" skipped="0">
  <reporter-output>
  </reporter-output>
  <suite started-at="2022-12-11T19:58:39 IST" name="Default suite" finished-at="2022-12-11T19:58:44 IST" duration-ms="4697">
    <groups>
    </groups>
    <test started-at="2022-12-11T19:58:39 IST" name="Default test" finished-at="2022-12-11T19:58:44 IST" duration-ms="4697">
      <class name="com.ictacdemy.scripts.TestclassAdminMembership">
        <test-method is-config="true" signature="onSetup()[pri:0, instance:com.ictacdemy.scripts.TestclassAdminMembership@8f2ef19]" started-at="2022-12-11T19:58:33 IST" name="onSetup" finished-at="2022-12-11T19:58:39 IST" duration-ms="6102" status="PASS">
          <reporter-output>
          </reporter-output>
        </test-method> <!-- onSetup -->
        <test-method signature="verifyLogin()[pri:0, instance:com.ictacdemy.scripts.TestclassAdminMembership@8f2ef19]" started-at="2022-12-11T19:58:39 IST" name="verifyLogin" finished-at="2022-12-11T19:58:40 IST" duration-ms="1232" status="PASS">
          <reporter-output>
          </reporter-output>
        </test-method> <!-- verifyLogin -->
        <test-method signature="verifypartnershipdownload()[pri:0, instance:com.ictacdemy.scripts.TestclassAdminMembership@8f2ef19]" started-at="2022-12-11T19:58:40 IST" name="verifypartnershipdownload" finished-at="2022-12-11T19:58:44 IST" duration-ms="3410" status="PASS">
          <reporter-output>
          </reporter-output>
        </test-method> <!-- verifypartnershipdownload -->
        <test-method is-config="true" signature="Teardown()[pri:0, instance:com.ictacdemy.scripts.TestclassAdminMembership@8f2ef19]" started-at="2022-12-11T19:58:44 IST" name="Teardown" finished-at="2022-12-11T19:58:46 IST" duration-ms="2319" status="PASS">
          <reporter-output>
          </reporter-output>
        </test-method> <!-- Teardown -->
      </class> <!-- com.ictacdemy.scripts.TestclassAdminMembership -->
    </test> <!-- Default test -->
  </suite> <!-- Default suite -->
</testng-results>
