<?xml version="1.0" encoding="UTF-8"?>
<testng-results ignored="0" total="1" passed="1" failed="0" skipped="0">
  <reporter-output>
  </reporter-output>
  <suite started-at="2022-12-11T19:28:49 IST" name="Default suite" finished-at="2022-12-11T19:29:36 IST" duration-ms="47078">
    <groups>
    </groups>
    <test started-at="2022-12-11T19:28:49 IST" name="Default test" finished-at="2022-12-11T19:29:36 IST" duration-ms="47078">
      <class name="com.ictakwebsite.scripts.AdminUserTest">
        <test-method is-config="true" signature="onSetup()[pri:0, instance:com.ictakwebsite.scripts.AdminUserTest@747ddf94]" started-at="2022-12-11T19:27:32 IST" name="onSetup" finished-at="2022-12-11T19:28:49 IST" duration-ms="77322" status="PASS">
          <reporter-output>
          </reporter-output>
        </test-method> <!-- onSetup -->
        <test-method is-config="true" signature="verifyValidLogin()[pri:0, instance:com.ictakwebsite.scripts.AdminUserTest@747ddf94]" started-at="2022-12-11T19:28:49 IST" name="verifyValidLogin" finished-at="2022-12-11T19:28:52 IST" duration-ms="2736" status="PASS">
          <reporter-output>
          </reporter-output>
        </test-method> <!-- verifyValidLogin -->
        <test-method signature="VerifyAdminUserTest()[pri:0, instance:com.ictakwebsite.scripts.AdminUserTest@747ddf94]" started-at="2022-12-11T19:28:52 IST" name="VerifyAdminUserTest" finished-at="2022-12-11T19:29:36 IST" duration-ms="43954" status="PASS">
          <reporter-output>
          </reporter-output>
        </test-method> <!-- VerifyAdminUserTest -->
        <test-method is-config="true" signature="logout()[pri:0, instance:com.ictakwebsite.scripts.AdminUserTest@747ddf94]" started-at="2022-12-11T19:29:36 IST" name="logout" finished-at="2022-12-11T19:29:36 IST" duration-ms="331" status="PASS">
          <reporter-output>
          </reporter-output>
        </test-method> <!-- logout -->
      </class> <!-- com.ictakwebsite.scripts.AdminUserTest -->
    </test> <!-- Default test -->
  </suite> <!-- Default suite -->
</testng-results>
