<?xml version="1.0" encoding="UTF-8"?>
<testng-results ignored="0" total="1" passed="1" failed="0" skipped="0">
  <reporter-output>
  </reporter-output>
  <suite started-at="2022-12-11T20:18:29 IST" name="Default suite" finished-at="2022-12-11T20:19:46 IST" duration-ms="77501">
    <groups>
    </groups>
    <test started-at="2022-12-11T20:18:29 IST" name="Default test" finished-at="2022-12-11T20:19:46 IST" duration-ms="77501">
      <class name="com.ictak.scripts.EventClass">
        <test-method is-config="true" signature="onSetup()[pri:0, instance:com.ictak.scripts.EventClass@3eb738bb]" started-at="2022-12-11T20:18:29 IST" name="onSetup" finished-at="2022-12-11T20:19:11 IST" duration-ms="42047" status="PASS">
          <reporter-output>
          </reporter-output>
        </test-method> <!-- onSetup -->
        <test-method signature="verifyRegisterEvents()[pri:0, instance:com.ictak.scripts.EventClass@3eb738bb]" started-at="2022-12-11T20:19:11 IST" name="verifyRegisterEvents" finished-at="2022-12-11T20:19:43 IST" duration-ms="31942" status="PASS">
          <reporter-output>
          </reporter-output>
        </test-method> <!-- verifyRegisterEvents -->
        <test-method is-config="true" signature="tearDown()[pri:0, instance:com.ictak.scripts.EventClass@3eb738bb]" started-at="2022-12-11T20:19:43 IST" name="tearDown" finished-at="2022-12-11T20:19:46 IST" duration-ms="2978" status="PASS">
          <reporter-output>
          </reporter-output>
        </test-method> <!-- tearDown -->
      </class> <!-- com.ictak.scripts.EventClass -->
    </test> <!-- Default test -->
  </suite> <!-- Default suite -->
</testng-results>
