<?xml version="1.0" encoding="UTF-8"?>
<!-- Generated by org.testng.reporters.JUnitXMLReporter -->
<testsuite ignored="0" hostname="LAPTOP-S4SC4N1F" failures="0" tests="2" name="Default test" time="4.697" errors="0" timestamp="2022-12-11T19:58:44 IST">
  <testcase classname="com.ictacdemy.scripts.TestclassAdminMembership" name="verifyLogin" time="1.232"/>
  <testcase classname="com.ictacdemy.scripts.TestclassAdminMembership" name="verifypartnershipdownload" time="3.41"/>
</testsuite> <!-- Default test -->
