<?xml version="1.0" encoding="UTF-8"?>
<testng-results ignored="0" total="1" passed="1" failed="0" skipped="0">
  <reporter-output>
  </reporter-output>
  <suite started-at="2022-12-11T22:09:24 IST" name="Default suite" finished-at="2022-12-11T22:09:38 IST" duration-ms="13592">
    <groups>
    </groups>
    <test started-at="2022-12-11T22:09:24 IST" name="Default test" finished-at="2022-12-11T22:09:38 IST" duration-ms="13592">
      <class name="com.groupfive.scripts.LoginPage_Test">
        <test-method is-config="true" signature="onSetup()[pri:0, instance:com.groupfive.scripts.LoginPage_Test@791f145a]" started-at="2022-12-11T22:09:24 IST" name="onSetup" finished-at="2022-12-11T22:09:35 IST" duration-ms="10500" status="PASS">
          <reporter-output>
          </reporter-output>
        </test-method> <!-- onSetup -->
        <test-method signature="login()[pri:0, instance:com.groupfive.scripts.LoginPage_Test@791f145a]" started-at="2022-12-11T22:09:35 IST" name="login" finished-at="2022-12-11T22:09:35 IST" duration-ms="778" status="PASS">
          <reporter-output>
          </reporter-output>
        </test-method> <!-- login -->
        <test-method is-config="true" signature="logout()[pri:0, instance:com.groupfive.scripts.LoginPage_Test@791f145a]" started-at="2022-12-11T22:09:35 IST" name="logout" finished-at="2022-12-11T22:09:38 IST" duration-ms="2297" status="PASS">
          <reporter-output>
          </reporter-output>
        </test-method> <!-- logout -->
      </class> <!-- com.groupfive.scripts.LoginPage_Test -->
    </test> <!-- Default test -->
  </suite> <!-- Default suite -->
</testng-results>
